Determining if the pthread_create exist failed with the following output:
Change Dir: /home/skysar/Documents/spring18/EE5531/lab2/jackal_jammers/workspace/build/CMakeFiles/CMakeTmp

Run Build Command:/usr/bin/make "cmTryCompileExec4005394884/fast"
/usr/bin/make -f CMakeFiles/cmTryCompileExec4005394884.dir/build.make CMakeFiles/cmTryCompileExec4005394884.dir/build
make[1]: Entering directory `/home/skysar/Documents/spring18/EE5531/lab2/jackal_jammers/workspace/build/CMakeFiles/CMakeTmp'
/usr/bin/cmake -E cmake_progress_report /home/skysar/Documents/spring18/EE5531/lab2/jackal_jammers/workspace/build/CMakeFiles/CMakeTmp/CMakeFiles 1
Building C object CMakeFiles/cmTryCompileExec4005394884.dir/CheckSymbolExists.c.o
/usr/bin/cc    -o CMakeFiles/cmTryCompileExec4005394884.dir/CheckSymbolExists.c.o   -c /home/skysar/Documents/spring18/EE5531/lab2/jackal_jammers/workspace/build/CMakeFiles/CMakeTmp/CheckSymbolExists.c
Linking C executable cmTryCompileExec4005394884
/usr/bin/cmake -E cmake_link_script CMakeFiles/cmTryCompileExec4005394884.dir/link.txt --verbose=1
/usr/bin/cc       CMakeFiles/cmTryCompileExec4005394884.dir/CheckSymbolExists.c.o  -o cmTryCompileExec4005394884 -rdynamic 
CMakeFiles/cmTryCompileExec4005394884.dir/CheckSymbolExists.c.o: In function `main':
CheckSymbolExists.c:(.text+0x16): undefined reference to `pthread_create'
collect2: error: ld returned 1 exit status
make[1]: *** [cmTryCompileExec4005394884] Error 1
make[1]: Leaving directory `/home/skysar/Documents/spring18/EE5531/lab2/jackal_jammers/workspace/build/CMakeFiles/CMakeTmp'
make: *** [cmTryCompileExec4005394884/fast] Error 2

File /home/skysar/Documents/spring18/EE5531/lab2/jackal_jammers/workspace/build/CMakeFiles/CMakeTmp/CheckSymbolExists.c:
/* */
#include <pthread.h>

int main(int argc, char** argv)
{
  (void)argv;
#ifndef pthread_create
  return ((int*)(&pthread_create))[argc];
#else
  (void)argc;
  return 0;
#endif
}

Determining if the function pthread_create exists in the pthreads failed with the following output:
Change Dir: /home/skysar/Documents/spring18/EE5531/lab2/jackal_jammers/workspace/build/CMakeFiles/CMakeTmp

Run Build Command:/usr/bin/make "cmTryCompileExec2704850670/fast"
/usr/bin/make -f CMakeFiles/cmTryCompileExec2704850670.dir/build.make CMakeFiles/cmTryCompileExec2704850670.dir/build
make[1]: Entering directory `/home/skysar/Documents/spring18/EE5531/lab2/jackal_jammers/workspace/build/CMakeFiles/CMakeTmp'
/usr/bin/cmake -E cmake_progress_report /home/skysar/Documents/spring18/EE5531/lab2/jackal_jammers/workspace/build/CMakeFiles/CMakeTmp/CMakeFiles 1
Building C object CMakeFiles/cmTryCompileExec2704850670.dir/CheckFunctionExists.c.o
/usr/bin/cc   -DCHECK_FUNCTION_EXISTS=pthread_create   -o CMakeFiles/cmTryCompileExec2704850670.dir/CheckFunctionExists.c.o   -c /usr/share/cmake-2.8/Modules/CheckFunctionExists.c
Linking C executable cmTryCompileExec2704850670
/usr/bin/cmake -E cmake_link_script CMakeFiles/cmTryCompileExec2704850670.dir/link.txt --verbose=1
/usr/bin/cc   -DCHECK_FUNCTION_EXISTS=pthread_create    CMakeFiles/cmTryCompileExec2704850670.dir/CheckFunctionExists.c.o  -o cmTryCompileExec2704850670 -rdynamic -lpthreads 
/usr/bin/ld: cannot find -lpthreads
collect2: error: ld returned 1 exit status
make[1]: Leaving directory `/home/skysar/Documents/spring18/EE5531/lab2/jackal_jammers/workspace/build/CMakeFiles/CMakeTmp'
make[1]: *** [cmTryCompileExec2704850670] Error 1
make: *** [cmTryCompileExec2704850670/fast] Error 2


